<settings xmlns="http://maven.apache.org/SETTINGS/1.0.0" xmlns:xsi="http://www.w3.org/2001/XMLSchema-instance"
  xsi:schemaLocation="http://maven.apache.org/SETTINGS/1.0.0 https://maven.apache.org/xsd/settings-1.0.0.xsd">
    
    <profiles>
        <profile>
            <id>test</id>
            <activeByDefault>false</activeByDefault>
            <repositories>
        <repository>
            <id>central</id>
            <url>https://repo.maven.apache.org/maven2</url>
            <snapshots>
                <enabled>false</enabled>
            </snapshots>
        </repository>
        <repository>
            <id>vaadin-prereleases</id>
            <url>https://maven.vaadin.com/vaadin-prereleases</url>
            <releases>
                <enabled>true</enabled>
            </releases>
            <snapshots>
                <enabled>true</enabled>
            </snapshots>
        </repository>
    </repositories>
    <pluginRepositories>
        <pluginRepository>
            <id>central</id>
            <url>https://repo.maven.apache.org/maven2</url>
            <snapshots>
                <enabled>false</enabled>
            </snapshots>
        </pluginRepository>
        <pluginRepository>
            <id>vaadin-prereleases</id>
            <url>https://maven.vaadin.com/vaadin-prereleases</url>
            <releases>
                <enabled>true</enabled>
            </releases>
            <snapshots>
                <enabled>true</enabled>
            </snapshots>
        </pluginRepository>
    </pluginRepositories>
        </profile>
    </profiles>
    
    
</settings>
